
*** Running vivado
    with args -log top_demo.vds -m64 -product Vivado -mode batch -messageDb vivado.pb -notrace -source top_demo.tcl



****** Vivado v2020.2 (64-bit)
  **** SW Build 3064766 on Wed Nov 18 09:12:45 MST 2020
  **** IP Build 3064653 on Wed Nov 18 14:17:31 MST 2020
    ** Copyright 1986-2020 Xilinx, Inc. All Rights Reserved.

source top_demo.tcl -notrace
Command: synth_design -top top_demo -part xc7z020clg484-1
Starting synth_design
Attempting to get a license for feature 'Synthesis' and/or device 'xc7z020'
INFO: [Common 17-349] Got license for feature 'Synthesis' and/or device 'xc7z020'
INFO: [Device 21-403] Loading part xc7z020clg484-1
INFO: [Synth 8-7079] Multithreading enabled for synth_design using a maximum of 2 processes.
INFO: [Synth 8-7078] Launching helper process for spawning children vivado processes
INFO: [Synth 8-7075] Helper process launched with PID 14096
---------------------------------------------------------------------------------
Starting RTL Elaboration : Time (s): cpu = 00:00:03 ; elapsed = 00:00:03 . Memory (MB): peak = 1126.469 ; gain = 18.082
---------------------------------------------------------------------------------
INFO: [Synth 8-6157] synthesizing module 'top_demo' [C:/Users/srobi18/Desktop/Lab-2/Lab2/Vivado/Lab1/Lab1.srcs/sources_1/new/top_demo.sv:23]
INFO: [Synth 8-155] case statement is not full and has no default [C:/Users/srobi18/Desktop/Lab-2/Lab2/Vivado/Lab1/Lab1.srcs/sources_1/new/top_demo.sv:57]
INFO: [Synth 8-6157] synthesizing module 'DES' [C:/Users/srobi18/Desktop/Lab-2/Lab2/SV/des_stub.sv:1122]
INFO: [Synth 8-6157] synthesizing module 'GenerateKeys' [C:/Users/srobi18/Desktop/Lab-2/Lab2/SV/des_stub.sv:7]
INFO: [Synth 8-6157] synthesizing module 'PC1' [C:/Users/srobi18/Desktop/Lab-2/Lab2/SV/des_stub.sv:117]
INFO: [Synth 8-6155] done synthesizing module 'PC1' (1#1) [C:/Users/srobi18/Desktop/Lab-2/Lab2/SV/des_stub.sv:117]
INFO: [Synth 8-6157] synthesizing module 'PC2' [C:/Users/srobi18/Desktop/Lab-2/Lab2/SV/des_stub.sv:181]
INFO: [Synth 8-6155] done synthesizing module 'PC2' (2#1) [C:/Users/srobi18/Desktop/Lab-2/Lab2/SV/des_stub.sv:181]
INFO: [Synth 8-6155] done synthesizing module 'GenerateKeys' (3#1) [C:/Users/srobi18/Desktop/Lab-2/Lab2/SV/des_stub.sv:7]
INFO: [Synth 8-6157] synthesizing module 'IP' [C:/Users/srobi18/Desktop/Lab-2/Lab2/SV/des_stub.sv:360]
INFO: [Synth 8-6155] done synthesizing module 'IP' (4#1) [C:/Users/srobi18/Desktop/Lab-2/Lab2/SV/des_stub.sv:360]
INFO: [Synth 8-6157] synthesizing module 'round' [C:/Users/srobi18/Desktop/Lab-2/Lab2/SV/des_stub.sv:340]
INFO: [Synth 8-6157] synthesizing module 'feistel' [C:/Users/srobi18/Desktop/Lab-2/Lab2/SV/des_stub.sv:314]
INFO: [Synth 8-6157] synthesizing module 'EF' [C:/Users/srobi18/Desktop/Lab-2/Lab2/SV/des_stub.sv:278]
INFO: [Synth 8-6155] done synthesizing module 'EF' (5#1) [C:/Users/srobi18/Desktop/Lab-2/Lab2/SV/des_stub.sv:278]
INFO: [Synth 8-6157] synthesizing module 'S8_Box' [C:/Users/srobi18/Desktop/Lab-2/Lab2/SV/des_stub.sv:1045]
INFO: [Synth 8-226] default block is never used [C:/Users/srobi18/Desktop/Lab-2/Lab2/SV/des_stub.sv:1052]
INFO: [Synth 8-6155] done synthesizing module 'S8_Box' (6#1) [C:/Users/srobi18/Desktop/Lab-2/Lab2/SV/des_stub.sv:1045]
INFO: [Synth 8-6157] synthesizing module 'S7_Box' [C:/Users/srobi18/Desktop/Lab-2/Lab2/SV/des_stub.sv:968]
INFO: [Synth 8-226] default block is never used [C:/Users/srobi18/Desktop/Lab-2/Lab2/SV/des_stub.sv:975]
INFO: [Synth 8-6155] done synthesizing module 'S7_Box' (7#1) [C:/Users/srobi18/Desktop/Lab-2/Lab2/SV/des_stub.sv:968]
INFO: [Synth 8-6157] synthesizing module 'S6_Box' [C:/Users/srobi18/Desktop/Lab-2/Lab2/SV/des_stub.sv:891]
INFO: [Synth 8-226] default block is never used [C:/Users/srobi18/Desktop/Lab-2/Lab2/SV/des_stub.sv:898]
INFO: [Synth 8-6155] done synthesizing module 'S6_Box' (8#1) [C:/Users/srobi18/Desktop/Lab-2/Lab2/SV/des_stub.sv:891]
INFO: [Synth 8-6157] synthesizing module 'S5_Box' [C:/Users/srobi18/Desktop/Lab-2/Lab2/SV/des_stub.sv:814]
INFO: [Synth 8-226] default block is never used [C:/Users/srobi18/Desktop/Lab-2/Lab2/SV/des_stub.sv:821]
INFO: [Synth 8-6155] done synthesizing module 'S5_Box' (9#1) [C:/Users/srobi18/Desktop/Lab-2/Lab2/SV/des_stub.sv:814]
INFO: [Synth 8-6157] synthesizing module 'S4_Box' [C:/Users/srobi18/Desktop/Lab-2/Lab2/SV/des_stub.sv:737]
INFO: [Synth 8-226] default block is never used [C:/Users/srobi18/Desktop/Lab-2/Lab2/SV/des_stub.sv:744]
INFO: [Synth 8-6155] done synthesizing module 'S4_Box' (10#1) [C:/Users/srobi18/Desktop/Lab-2/Lab2/SV/des_stub.sv:737]
INFO: [Synth 8-6157] synthesizing module 'S3_Box' [C:/Users/srobi18/Desktop/Lab-2/Lab2/SV/des_stub.sv:660]
INFO: [Synth 8-226] default block is never used [C:/Users/srobi18/Desktop/Lab-2/Lab2/SV/des_stub.sv:667]
INFO: [Synth 8-6155] done synthesizing module 'S3_Box' (11#1) [C:/Users/srobi18/Desktop/Lab-2/Lab2/SV/des_stub.sv:660]
INFO: [Synth 8-6157] synthesizing module 'S2_Box' [C:/Users/srobi18/Desktop/Lab-2/Lab2/SV/des_stub.sv:583]
INFO: [Synth 8-226] default block is never used [C:/Users/srobi18/Desktop/Lab-2/Lab2/SV/des_stub.sv:590]
INFO: [Synth 8-6155] done synthesizing module 'S2_Box' (12#1) [C:/Users/srobi18/Desktop/Lab-2/Lab2/SV/des_stub.sv:583]
INFO: [Synth 8-6157] synthesizing module 'S1_Box' [C:/Users/srobi18/Desktop/Lab-2/Lab2/SV/des_stub.sv:505]
INFO: [Synth 8-226] default block is never used [C:/Users/srobi18/Desktop/Lab-2/Lab2/SV/des_stub.sv:512]
INFO: [Synth 8-6155] done synthesizing module 'S1_Box' (13#1) [C:/Users/srobi18/Desktop/Lab-2/Lab2/SV/des_stub.sv:505]
INFO: [Synth 8-6157] synthesizing module 'SF' [C:/Users/srobi18/Desktop/Lab-2/Lab2/SV/des_stub.sv:238]
INFO: [Synth 8-6155] done synthesizing module 'SF' (14#1) [C:/Users/srobi18/Desktop/Lab-2/Lab2/SV/des_stub.sv:238]
INFO: [Synth 8-6155] done synthesizing module 'feistel' (15#1) [C:/Users/srobi18/Desktop/Lab-2/Lab2/SV/des_stub.sv:314]
INFO: [Synth 8-6155] done synthesizing module 'round' (16#1) [C:/Users/srobi18/Desktop/Lab-2/Lab2/SV/des_stub.sv:340]
INFO: [Synth 8-6157] synthesizing module 'FP' [C:/Users/srobi18/Desktop/Lab-2/Lab2/SV/des_stub.sv:432]
INFO: [Synth 8-6155] done synthesizing module 'FP' (17#1) [C:/Users/srobi18/Desktop/Lab-2/Lab2/SV/des_stub.sv:432]
INFO: [Synth 8-6155] done synthesizing module 'DES' (18#1) [C:/Users/srobi18/Desktop/Lab-2/Lab2/SV/des_stub.sv:1122]
INFO: [Synth 8-6157] synthesizing module 'segment_driver' [C:/Users/srobi18/Desktop/Lab-2/Lab2/Vivado/Lab1/Lab1.srcs/sources_1/imports/vivado/segment_driver.sv:23]
	Parameter DIGIT_ZERO bound to: 2'b00 
	Parameter DIGIT_ONE bound to: 2'b01 
	Parameter DIGIT_TWO bound to: 2'b10 
	Parameter DIGIT_THREE bound to: 2'b11 
INFO: [Synth 8-226] default block is never used [C:/Users/srobi18/Desktop/Lab-2/Lab2/Vivado/Lab1/Lab1.srcs/sources_1/imports/vivado/segment_driver.sv:63]
INFO: [Synth 8-6157] synthesizing module 'digit2segments' [C:/Users/srobi18/Desktop/Lab-2/Lab2/Vivado/Lab1/Lab1.srcs/sources_1/imports/vivado/digit2segments.sv:23]
INFO: [Synth 8-226] default block is never used [C:/Users/srobi18/Desktop/Lab-2/Lab2/Vivado/Lab1/Lab1.srcs/sources_1/imports/vivado/digit2segments.sv:30]
INFO: [Synth 8-6155] done synthesizing module 'digit2segments' (19#1) [C:/Users/srobi18/Desktop/Lab-2/Lab2/Vivado/Lab1/Lab1.srcs/sources_1/imports/vivado/digit2segments.sv:23]
INFO: [Synth 8-6155] done synthesizing module 'segment_driver' (20#1) [C:/Users/srobi18/Desktop/Lab-2/Lab2/Vivado/Lab1/Lab1.srcs/sources_1/imports/vivado/segment_driver.sv:23]
INFO: [Synth 8-6155] done synthesizing module 'top_demo' (21#1) [C:/Users/srobi18/Desktop/Lab-2/Lab2/Vivado/Lab1/Lab1.srcs/sources_1/new/top_demo.sv:23]
---------------------------------------------------------------------------------
Finished RTL Elaboration : Time (s): cpu = 00:00:04 ; elapsed = 00:00:04 . Memory (MB): peak = 1182.113 ; gain = 73.727
---------------------------------------------------------------------------------
---------------------------------------------------------------------------------
Start Handling Custom Attributes
---------------------------------------------------------------------------------
---------------------------------------------------------------------------------
Finished Handling Custom Attributes : Time (s): cpu = 00:00:04 ; elapsed = 00:00:04 . Memory (MB): peak = 1182.113 ; gain = 73.727
---------------------------------------------------------------------------------
---------------------------------------------------------------------------------
Finished RTL Optimization Phase 1 : Time (s): cpu = 00:00:04 ; elapsed = 00:00:04 . Memory (MB): peak = 1182.113 ; gain = 73.727
---------------------------------------------------------------------------------
Netlist sorting complete. Time (s): cpu = 00:00:00 ; elapsed = 00:00:00.061 . Memory (MB): peak = 1182.113 ; gain = 0.000
INFO: [Project 1-570] Preparing netlist for logic optimization

Processing XDC Constraints
Initializing timing engine
Parsing XDC File [C:/Users/srobi18/Desktop/Lab-2/Lab2/Vivado/Lab1/Lab1.srcs/constrs_1/new/constr.xdc]
Finished Parsing XDC File [C:/Users/srobi18/Desktop/Lab-2/Lab2/Vivado/Lab1/Lab1.srcs/constrs_1/new/constr.xdc]
INFO: [Project 1-236] Implementation specific constraints were found while reading constraint file [C:/Users/srobi18/Desktop/Lab-2/Lab2/Vivado/Lab1/Lab1.srcs/constrs_1/new/constr.xdc]. These constraints will be ignored for synthesis but will be used in implementation. Impacted constraints are listed in the file [.Xil/top_demo_propImpl.xdc].
Resolution: To avoid this warning, move constraints listed in [.Xil/top_demo_propImpl.xdc] to another XDC file and exclude this new file from synthesis with the used_in_synthesis property (File Properties dialog in GUI) and re-run elaboration/synthesis.
Completed Processing XDC Constraints

Netlist sorting complete. Time (s): cpu = 00:00:00 ; elapsed = 00:00:00.001 . Memory (MB): peak = 1295.469 ; gain = 0.000
INFO: [Project 1-111] Unisim Transformation Summary:
No Unisim elements were transformed.

Constraint Validation Runtime : Time (s): cpu = 00:00:00 ; elapsed = 00:00:00.003 . Memory (MB): peak = 1295.469 ; gain = 0.000
---------------------------------------------------------------------------------
Finished Constraint Validation : Time (s): cpu = 00:00:08 ; elapsed = 00:00:08 . Memory (MB): peak = 1295.469 ; gain = 187.082
---------------------------------------------------------------------------------
---------------------------------------------------------------------------------
Start Loading Part and Timing Information
---------------------------------------------------------------------------------
Loading part: xc7z020clg484-1
---------------------------------------------------------------------------------
Finished Loading Part and Timing Information : Time (s): cpu = 00:00:08 ; elapsed = 00:00:08 . Memory (MB): peak = 1295.469 ; gain = 187.082
---------------------------------------------------------------------------------
---------------------------------------------------------------------------------
Start Applying 'set_property' XDC Constraints
---------------------------------------------------------------------------------
---------------------------------------------------------------------------------
Finished applying 'set_property' XDC Constraints : Time (s): cpu = 00:00:08 ; elapsed = 00:00:08 . Memory (MB): peak = 1295.469 ; gain = 187.082
---------------------------------------------------------------------------------
INFO: [Synth 8-802] inferred FSM for state register 'CURRENT_STATE_reg' in module 'segment_driver'
---------------------------------------------------------------------------------------------------
                   State |                     New Encoding |                Previous Encoding 
---------------------------------------------------------------------------------------------------
              DIGIT_ZERO |                               00 |                               00
               DIGIT_ONE |                               01 |                               01
               DIGIT_TWO |                               10 |                               10
             DIGIT_THREE |                               11 |                               11
---------------------------------------------------------------------------------------------------
INFO: [Synth 8-3354] encoded FSM with state register 'CURRENT_STATE_reg' using encoding 'sequential' in module 'segment_driver'
WARNING: [Synth 8-327] inferring latch for variable 'out_reg' [C:/Users/srobi18/Desktop/Lab-2/Lab2/Vivado/Lab1/Lab1.srcs/sources_1/new/top_demo.sv:60]
---------------------------------------------------------------------------------
Finished RTL Optimization Phase 2 : Time (s): cpu = 00:00:09 ; elapsed = 00:00:09 . Memory (MB): peak = 1295.469 ; gain = 187.082
---------------------------------------------------------------------------------
---------------------------------------------------------------------------------
Start RTL Component Statistics 
---------------------------------------------------------------------------------
Detailed RTL Component Info : 
+---Adders : 
	   2 Input   17 Bit       Adders := 1     
+---XORs : 
	   2 Input     48 Bit         XORs := 16    
	   2 Input     32 Bit         XORs := 16    
+---Registers : 
	               17 Bit    Registers := 1     
+---Muxes : 
	   2 Input   48 Bit        Muxes := 16    
	   2 Input   17 Bit        Muxes := 1     
	   4 Input    8 Bit        Muxes := 1     
	   4 Input    4 Bit        Muxes := 1     
	   4 Input    2 Bit        Muxes := 1     
	  13 Input    1 Bit        Muxes := 1     
---------------------------------------------------------------------------------
Finished RTL Component Statistics 
---------------------------------------------------------------------------------
---------------------------------------------------------------------------------
Start Part Resource Summary
---------------------------------------------------------------------------------
Part Resources:
DSPs: 220 (col length:60)
BRAMs: 280 (col length: RAMB18 60 RAMB36 30)
---------------------------------------------------------------------------------
Finished Part Resource Summary
---------------------------------------------------------------------------------
---------------------------------------------------------------------------------
Start Cross Boundary and Area Optimization
---------------------------------------------------------------------------------
---------------------------------------------------------------------------------
Finished Cross Boundary and Area Optimization : Time (s): cpu = 00:00:12 ; elapsed = 00:00:14 . Memory (MB): peak = 1295.469 ; gain = 187.082
---------------------------------------------------------------------------------
---------------------------------------------------------------------------------
Start ROM, RAM, DSP, Shift Register and Retiming Reporting
---------------------------------------------------------------------------------

ROM: Preliminary Mapping	Report
+------------+-------------------+---------------+----------------+
|Module Name | RTL Object        | Depth x Width | Implemented As | 
+------------+-------------------+---------------+----------------+
|S8_Box      | out_bits          | 64x4          | LUT            | 
|S7_Box      | out_bits          | 64x4          | LUT            | 
|S6_Box      | out_bits          | 64x4          | LUT            | 
|S5_Box      | out_bits          | 64x4          | LUT            | 
|S4_Box      | out_bits          | 64x4          | LUT            | 
|S3_Box      | out_bits          | 64x4          | LUT            | 
|S2_Box      | out_bits          | 64x4          | LUT            | 
|S1_Box      | out_bits          | 64x4          | LUT            | 
|round       | f1/Sbox2/out_bits | 64x4          | LUT            | 
|round       | f1/Sbox3/out_bits | 64x4          | LUT            | 
|round       | f1/Sbox1/out_bits | 64x4          | LUT            | 
|round       | f1/Sbox5/out_bits | 64x4          | LUT            | 
|round       | f1/Sbox4/out_bits | 64x4          | LUT            | 
|round       | f1/Sbox7/out_bits | 64x4          | LUT            | 
|round       | f1/Sbox5/out_bits | 64x4          | LUT            | 
|round       | f1/Sbox4/out_bits | 64x4          | LUT            | 
|round       | f1/Sbox8/out_bits | 64x4          | LUT            | 
|round       | f1/Sbox4/out_bits | 64x4          | LUT            | 
|round       | f1/Sbox2/out_bits | 64x4          | LUT            | 
|round       | f1/Sbox8/out_bits | 64x4          | LUT            | 
|round       | f1/Sbox6/out_bits | 64x4          | LUT            | 
|round       | f1/Sbox3/out_bits | 64x4          | LUT            | 
|round       | f1/Sbox7/out_bits | 64x4          | LUT            | 
|round       | f1/Sbox1/out_bits | 64x4          | LUT            | 
|round       | f1/Sbox5/out_bits | 64x4          | LUT            | 
|round       | f1/Sbox4/out_bits | 64x4          | LUT            | 
|round       | f1/Sbox2/out_bits | 64x4          | LUT            | 
|round       | f1/Sbox8/out_bits | 64x4          | LUT            | 
|round       | f1/Sbox6/out_bits | 64x4          | LUT            | 
|round       | f1/Sbox3/out_bits | 64x4          | LUT            | 
|round       | f1/Sbox7/out_bits | 64x4          | LUT            | 
|round       | f1/Sbox1/out_bits | 64x4          | LUT            | 
|round       | f1/Sbox5/out_bits | 64x4          | LUT            | 
|round       | f1/Sbox2/out_bits | 64x4          | LUT            | 
|round       | f1/Sbox8/out_bits | 64x4          | LUT            | 
|round       | f1/Sbox6/out_bits | 64x4          | LUT            | 
|round       | f1/Sbox1/out_bits | 64x4          | LUT            | 
|round       | f1/Sbox3/out_bits | 64x4          | LUT            | 
|round       | f1/Sbox4/out_bits | 64x4          | LUT            | 
|round       | f1/Sbox6/out_bits | 64x4          | LUT            | 
|round       | f1/Sbox5/out_bits | 64x4          | LUT            | 
|round       | f1/Sbox4/out_bits | 64x4          | LUT            | 
|round       | f1/Sbox3/out_bits | 64x4          | LUT            | 
|round       | f1/Sbox7/out_bits | 64x4          | LUT            | 
|round       | f1/Sbox5/out_bits | 64x4          | LUT            | 
|round       | f1/Sbox4/out_bits | 64x4          | LUT            | 
|round       | f1/Sbox2/out_bits | 64x4          | LUT            | 
|round       | f1/Sbox8/out_bits | 64x4          | LUT            | 
|round       | f1/Sbox6/out_bits | 64x4          | LUT            | 
|round       | f1/Sbox3/out_bits | 64x4          | LUT            | 
|round       | f1/Sbox7/out_bits | 64x4          | LUT            | 
|round       | f1/Sbox1/out_bits | 64x4          | LUT            | 
|round       | f1/Sbox5/out_bits | 64x4          | LUT            | 
|round       | f1/Sbox4/out_bits | 64x4          | LUT            | 
|round       | f1/Sbox8/out_bits | 64x4          | LUT            | 
|round       | f1/Sbox7/out_bits | 64x4          | LUT            | 
|round       | f1/Sbox1/out_bits | 64x4          | LUT            | 
|round       | f1/Sbox2/out_bits | 64x4          | LUT            | 
|round       | f1/Sbox6/out_bits | 64x4          | LUT            | 
|round       | f1/Sbox7/out_bits | 64x4          | LUT            | 
|round       | f1/Sbox1/out_bits | 64x4          | LUT            | 
|round       | f1/Sbox5/out_bits | 64x4          | LUT            | 
|round       | f1/Sbox4/out_bits | 64x4          | LUT            | 
|round       | f1/Sbox2/out_bits | 64x4          | LUT            | 
|round       | f1/Sbox6/out_bits | 64x4          | LUT            | 
|round       | f1/Sbox3/out_bits | 64x4          | LUT            | 
|round       | f1/Sbox7/out_bits | 64x4          | LUT            | 
|round       | f1/Sbox1/out_bits | 64x4          | LUT            | 
|round       | f1/Sbox2/out_bits | 64x4          | LUT            | 
|round       | f1/Sbox6/out_bits | 64x4          | LUT            | 
|round       | f1/Sbox8/out_bits | 64x4          | LUT            | 
|round       | f1/Sbox6/out_bits | 64x4          | LUT            | 
+------------+-------------------+---------------+----------------+

---------------------------------------------------------------------------------
Finished ROM, RAM, DSP, Shift Register and Retiming Reporting
---------------------------------------------------------------------------------
---------------------------------------------------------------------------------
Start Applying XDC Timing Constraints
---------------------------------------------------------------------------------
---------------------------------------------------------------------------------
Finished Applying XDC Timing Constraints : Time (s): cpu = 00:00:17 ; elapsed = 00:00:18 . Memory (MB): peak = 1295.469 ; gain = 187.082
---------------------------------------------------------------------------------
---------------------------------------------------------------------------------
Start Timing Optimization
---------------------------------------------------------------------------------
---------------------------------------------------------------------------------
Finished Timing Optimization : Time (s): cpu = 00:00:17 ; elapsed = 00:00:18 . Memory (MB): peak = 1295.469 ; gain = 187.082
---------------------------------------------------------------------------------
---------------------------------------------------------------------------------
Start Technology Mapping
---------------------------------------------------------------------------------
---------------------------------------------------------------------------------
Finished Technology Mapping : Time (s): cpu = 00:00:17 ; elapsed = 00:00:18 . Memory (MB): peak = 1300.242 ; gain = 191.855
---------------------------------------------------------------------------------
---------------------------------------------------------------------------------
Start IO Insertion
---------------------------------------------------------------------------------
---------------------------------------------------------------------------------
Start Flattening Before IO Insertion
---------------------------------------------------------------------------------
---------------------------------------------------------------------------------
Finished Flattening Before IO Insertion
---------------------------------------------------------------------------------
---------------------------------------------------------------------------------
Start Final Netlist Cleanup
---------------------------------------------------------------------------------
---------------------------------------------------------------------------------
Finished Final Netlist Cleanup
---------------------------------------------------------------------------------
---------------------------------------------------------------------------------
Finished IO Insertion : Time (s): cpu = 00:00:19 ; elapsed = 00:00:20 . Memory (MB): peak = 1307.012 ; gain = 198.625
---------------------------------------------------------------------------------
---------------------------------------------------------------------------------
Start Renaming Generated Instances
---------------------------------------------------------------------------------
---------------------------------------------------------------------------------
Finished Renaming Generated Instances : Time (s): cpu = 00:00:19 ; elapsed = 00:00:20 . Memory (MB): peak = 1307.012 ; gain = 198.625
---------------------------------------------------------------------------------
---------------------------------------------------------------------------------
Start Rebuilding User Hierarchy
---------------------------------------------------------------------------------
---------------------------------------------------------------------------------
Finished Rebuilding User Hierarchy : Time (s): cpu = 00:00:19 ; elapsed = 00:00:20 . Memory (MB): peak = 1307.012 ; gain = 198.625
---------------------------------------------------------------------------------
---------------------------------------------------------------------------------
Start Renaming Generated Ports
---------------------------------------------------------------------------------
---------------------------------------------------------------------------------
Finished Renaming Generated Ports : Time (s): cpu = 00:00:19 ; elapsed = 00:00:20 . Memory (MB): peak = 1307.012 ; gain = 198.625
---------------------------------------------------------------------------------
---------------------------------------------------------------------------------
Start Handling Custom Attributes
---------------------------------------------------------------------------------
---------------------------------------------------------------------------------
Finished Handling Custom Attributes : Time (s): cpu = 00:00:19 ; elapsed = 00:00:20 . Memory (MB): peak = 1307.012 ; gain = 198.625
---------------------------------------------------------------------------------
---------------------------------------------------------------------------------
Start Renaming Generated Nets
---------------------------------------------------------------------------------
---------------------------------------------------------------------------------
Finished Renaming Generated Nets : Time (s): cpu = 00:00:19 ; elapsed = 00:00:20 . Memory (MB): peak = 1307.012 ; gain = 198.625
---------------------------------------------------------------------------------
---------------------------------------------------------------------------------
Start Writing Synthesis Report
---------------------------------------------------------------------------------

Report BlackBoxes: 
+-+--------------+----------+
| |BlackBox name |Instances |
+-+--------------+----------+
+-+--------------+----------+

Report Cell Usage: 
+------+-------+------+
|      |Cell   |Count |
+------+-------+------+
|1     |BUFG   |     1|
|2     |CARRY4 |     4|
|3     |LUT1   |     1|
|4     |LUT2   |     6|
|5     |LUT3   |     2|
|6     |LUT4   |    32|
|7     |LUT5   |     3|
|8     |LUT6   |    30|
|9     |MUXF7  |     7|
|10    |FDRE   |    19|
|11    |LD     |    15|
|12    |IBUF   |     9|
|13    |OBUF   |    12|
|14    |OBUFT  |     8|
+------+-------+------+
---------------------------------------------------------------------------------
Finished Writing Synthesis Report : Time (s): cpu = 00:00:19 ; elapsed = 00:00:20 . Memory (MB): peak = 1307.012 ; gain = 198.625
---------------------------------------------------------------------------------
Synthesis finished with 0 errors, 0 critical warnings and 1 warnings.
Synthesis Optimization Runtime : Time (s): cpu = 00:00:13 ; elapsed = 00:00:19 . Memory (MB): peak = 1307.012 ; gain = 85.270
Synthesis Optimization Complete : Time (s): cpu = 00:00:19 ; elapsed = 00:00:20 . Memory (MB): peak = 1307.012 ; gain = 198.625
INFO: [Project 1-571] Translating synthesized netlist
Netlist sorting complete. Time (s): cpu = 00:00:00 ; elapsed = 00:00:00.001 . Memory (MB): peak = 1319.023 ; gain = 0.000
INFO: [Netlist 29-17] Analyzing 26 Unisim elements for replacement
INFO: [Netlist 29-28] Unisim Transformation completed in 0 CPU seconds
INFO: [Project 1-570] Preparing netlist for logic optimization
INFO: [Opt 31-138] Pushed 0 inverter(s) to 0 load pin(s).
Netlist sorting complete. Time (s): cpu = 00:00:00 ; elapsed = 00:00:00 . Memory (MB): peak = 1325.238 ; gain = 0.000
INFO: [Project 1-111] Unisim Transformation Summary:
  A total of 15 instances were transformed.
  LD => LDCE: 15 instances

INFO: [Common 17-83] Releasing license: Synthesis
70 Infos, 1 Warnings, 0 Critical Warnings and 0 Errors encountered.
synth_design completed successfully
synth_design: Time (s): cpu = 00:00:23 ; elapsed = 00:00:32 . Memory (MB): peak = 1325.238 ; gain = 216.852
INFO: [Common 17-1381] The checkpoint 'C:/Users/srobi18/Desktop/Lab-2/Lab2/Vivado/Lab1/Lab1.runs/synth_1/top_demo.dcp' has been generated.
INFO: [runtcl-4] Executing : report_utilization -file top_demo_utilization_synth.rpt -pb top_demo_utilization_synth.pb
INFO: [Common 17-206] Exiting Vivado at Wed Mar  6 18:20:30 2024...
